2026-06-26 15:51:48,419 | INFO | WHO Scraper Started
2026-06-26 15:51:48,433 | INFO | Initializing Chrome Driver...
2026-06-26 15:51:48,448 | INFO | ====== WebDriver manager ======
2026-06-26 15:51:53,672 | INFO | Driver [C:\Users\USER\.wdm\drivers\chromedriver\win64\149.0.7827.155\chromedriver-win64/chromedriver.exe] found in cache by browser version
2026-06-26 15:51:58,536 | INFO | Opening WHO website...
2026-06-26 15:52:27,000 | INFO | Attempt 1
2026-06-26 15:52:27,023 | INFO | Processing page 1...
2026-06-26 15:52:27,188 | INFO | Capturing rendered HTML...
2026-06-26 15:52:27,578 | INFO | Parsing HTML...
2026-06-26 15:52:28,409 | INFO | Searching for outbreak reports...
2026-06-26 15:52:28,469 | INFO | 28 reports found.
2026-06-26 15:52:28,721 | INFO | 28 valid reports extracted.
2026-06-26 15:52:31,779 | INFO | Moved to next page.
2026-06-26 15:52:33,780 | INFO | Processing page 2...
2026-06-26 15:52:33,781 | INFO | Capturing rendered HTML...
2026-06-26 15:52:33,974 | INFO | Parsing HTML...
2026-06-26 15:52:34,317 | INFO | Searching for outbreak reports...
2026-06-26 15:52:34,340 | INFO | 28 reports found.
2026-06-26 15:52:34,349 | INFO | 28 valid reports extracted.
2026-06-26 15:52:37,413 | INFO | Moved to next page.
2026-06-26 15:52:39,414 | INFO | Processing page 3...
2026-06-26 15:52:39,415 | INFO | Capturing rendered HTML...
2026-06-26 15:52:39,701 | INFO | Parsing HTML...
2026-06-26 15:52:39,969 | INFO | Searching for outbreak reports...
2026-06-26 15:52:40,013 | INFO | 28 reports found.
2026-06-26 15:52:40,029 | INFO | 28 valid reports extracted.
2026-06-26 15:52:43,095 | INFO | Moved to next page.
2026-06-26 15:52:45,097 | INFO | Processing page 4...
2026-06-26 15:52:45,098 | INFO | Capturing rendered HTML...
2026-06-26 15:52:45,312 | INFO | Parsing HTML...
2026-06-26 15:52:45,549 | INFO | Searching for outbreak reports...
2026-06-26 15:52:45,569 | INFO | 28 reports found.
2026-06-26 15:52:45,575 | INFO | 28 valid reports extracted.
2026-06-26 15:52:48,637 | INFO | Moved to next page.
2026-06-26 15:52:50,639 | INFO | Processing page 5...
2026-06-26 15:52:50,640 | INFO | Capturing rendered HTML...
2026-06-26 15:52:50,873 | INFO | Parsing HTML...
2026-06-26 15:52:51,133 | INFO | Searching for outbreak reports...
2026-06-26 15:52:51,165 | INFO | 28 reports found.
2026-06-26 15:52:51,172 | INFO | 28 valid reports extracted.
2026-06-26 15:52:54,229 | INFO | Moved to next page.
2026-06-26 15:52:56,230 | INFO | Processing page 6...
2026-06-26 15:52:56,231 | INFO | Capturing rendered HTML...
2026-06-26 15:52:56,561 | INFO | Parsing HTML...
2026-06-26 15:52:56,933 | INFO | Searching for outbreak reports...
2026-06-26 15:52:56,965 | INFO | 28 reports found.
2026-06-26 15:52:56,976 | INFO | 28 valid reports extracted.
2026-06-26 15:53:00,031 | INFO | Moved to next page.
2026-06-26 15:53:02,032 | INFO | Processing page 7...
2026-06-26 15:53:02,033 | INFO | Capturing rendered HTML...
2026-06-26 15:53:02,364 | INFO | Parsing HTML...
2026-06-26 15:53:02,613 | INFO | Searching for outbreak reports...
2026-06-26 15:53:02,647 | INFO | 28 reports found.
2026-06-26 15:53:02,656 | INFO | 28 valid reports extracted.
2026-06-26 15:53:05,715 | INFO | Moved to next page.
2026-06-26 15:53:07,717 | INFO | Processing page 8...
2026-06-26 15:53:07,717 | INFO | Capturing rendered HTML...
2026-06-26 15:53:07,907 | INFO | Parsing HTML...
2026-06-26 15:53:08,250 | INFO | Searching for outbreak reports...
2026-06-26 15:53:08,275 | INFO | 28 reports found.
2026-06-26 15:53:08,286 | INFO | 28 valid reports extracted.
2026-06-26 15:53:11,357 | INFO | Moved to next page.
2026-06-26 15:53:13,360 | INFO | Processing page 9...
2026-06-26 15:53:13,363 | INFO | Capturing rendered HTML...
2026-06-26 15:53:13,559 | INFO | Parsing HTML...
2026-06-26 15:53:13,814 | INFO | Searching for outbreak reports...
2026-06-26 15:53:13,837 | INFO | 28 reports found.
2026-06-26 15:53:13,853 | INFO | 28 valid reports extracted.
2026-06-26 15:53:16,916 | INFO | Moved to next page.
2026-06-26 15:53:18,917 | INFO | Processing page 10...
2026-06-26 15:53:18,917 | INFO | Capturing rendered HTML...
2026-06-26 15:53:19,077 | INFO | Parsing HTML...
2026-06-26 15:53:19,284 | INFO | Searching for outbreak reports...
2026-06-26 15:53:19,312 | INFO | 28 reports found.
2026-06-26 15:53:19,320 | INFO | 28 valid reports extracted.
2026-06-26 15:53:22,381 | INFO | Moved to next page.
2026-06-26 15:53:24,383 | INFO | Processing page 11...
2026-06-26 15:53:24,384 | INFO | Capturing rendered HTML...
2026-06-26 15:53:24,626 | INFO | Parsing HTML...
2026-06-26 15:53:24,900 | INFO | Searching for outbreak reports...
2026-06-26 15:53:24,915 | INFO | 28 reports found.
2026-06-26 15:53:24,932 | INFO | 28 valid reports extracted.
2026-06-26 15:53:27,990 | INFO | Moved to next page.
2026-06-26 15:53:29,992 | INFO | Processing page 12...
2026-06-26 15:53:29,993 | INFO | Capturing rendered HTML...
2026-06-26 15:53:30,253 | INFO | Parsing HTML...
2026-06-26 15:53:30,456 | INFO | Searching for outbreak reports...
2026-06-26 15:53:30,483 | INFO | 28 reports found.
2026-06-26 15:53:30,496 | INFO | 28 valid reports extracted.
2026-06-26 15:53:33,555 | INFO | Moved to next page.
2026-06-26 15:53:35,558 | INFO | Processing page 13...
2026-06-26 15:53:35,559 | INFO | Capturing rendered HTML...
2026-06-26 15:53:35,797 | INFO | Parsing HTML...
2026-06-26 15:53:36,039 | INFO | Searching for outbreak reports...
2026-06-26 15:53:36,081 | INFO | 28 reports found.
2026-06-26 15:53:36,094 | INFO | 28 valid reports extracted.
2026-06-26 15:53:36,098 | INFO | Reached records older than 2020.
2026-06-26 15:53:36,099 | INFO | Creating DataFrame...
2026-06-26 15:53:36,101 | INFO | 364 records loaded.
2026-06-26 15:53:36,106 | INFO | Removed 0 duplicate records.
2026-06-26 15:53:36,108 | INFO | 341 records remain after filtering.
2026-06-26 15:53:36,144 | INFO | Dataset exported to data\who_outbreak_reports.csv
2026-06-26 15:53:36,166 | INFO | Scraping completed successfully.
2026-06-26 15:53:36,718 | INFO | Browser closed.
